
{"responseEvent":"error","responseType":"ErrorException: Undefined offset: 2 in /var/www/fastuser/data/www/demo60.2games.pw/app/Games/GreatBluePT/SlotSettings.php:583
Stack trace:
#0 /var/www/fastuser/data/www/demo60.2games.pw/app/Games/GreatBluePT/SlotSettings.php(583): Illuminate\Foundation\Bootstrap\HandleExceptions->handleError(8, 'Undefined offse...', '/var/www/fastus...', 583, Array)
#1 /var/www/fastuser/data/www/demo60.2games.pw/app/Games/GreatBluePT/Server.php(342): VanguardLTE\Games\GreatBluePT\SlotSettings->UpdateJackpots(5)
#2 /var/www/fastuser/data/www/demo60.2games.pw/vendor/laravel/framework/src/Illuminate/Database/Concerns/ManagesTransactions.php(29): VanguardLTE\Games\GreatBluePT\{closure}(Object(Illuminate\Database\MySqlConnection))
#3 /var/www/fastuser/data/www/demo60.2games.pw/vendor/laravel/framework/src/Illuminate/Database/DatabaseManager.php(371): Illuminate\Database\Connection->transaction(Object(Closure), 5)
#4 /var/www/fastuser/data/www/demo60.2games.pw/vendor/laravel/framework/src/Illuminate/Support/Facades/Facade.php(261): Illuminate\Database\DatabaseManager->__call('transaction', Array)
#5 /var/www/fastuser/data/www/demo60.2games.pw/app/Games/GreatBluePT/Server.php(730): Illuminate\Support\Facades\Facade::__callStatic('transaction', Array)
#6 /var/www/fastuser/data/www/demo60.2games.pw/app/Games/GreatBluePT/Server.php(732): VanguardLTE\Games\GreatBluePT\get_(Object(Illuminate\Http\Request), 'GreatBluePT')
#7 /var/www/fastuser/data/www/demo60.2games.pw/app/Http/Controllers/Web/Frontend/GamesController.php(1297): VanguardLTE\Games\GreatBluePT\Server->get(Object(Illuminate\Http\Request), 'GreatBluePT', 51)
#8 /var/www/fastuser/data/www/demo60.2games.pw/vendor/laravel/framework/src/Illuminate/Routing/Controller.php(54): VanguardLTE\Http\Controllers\Web\Frontend\GamesController->server(Object(Illuminate\Http\Request), 'GreatBluePT')
#9 /var/www/fastuser/data/www/demo60.2games.pw/vendor/laravel/framework/src/Illuminate/Routing/ControllerDispatcher.php(45): Illuminate\Routing\Controller->callAction('server', Array)
#10 /var/www/fastuser/data/www/demo60.2games.pw/vendor/laravel/framework/src/Illuminate/Routing/Route.php(254): Illuminate\Routing\ControllerDispatcher->dispatch(Object(Illuminate\Routing\Route), Object(VanguardLTE\Http\Controllers\Web\Frontend\GamesController), 'server')
#11 /var/www/fastuser/data/www/demo60.2games.pw/vendor/laravel/framework/src/Illuminate/Routing/Route.php(197): Illuminate\Routing\Route->runController()
#12 /var/www/fastuser/data/www/demo60.2games.pw/vendor/laravel/framework/src/Illuminate/Routing/Router.php(695): Illuminate\Routing\Route->run()
#13 /var/www/fastuser/data/www/demo60.2games.pw/vendor/laravel/framework/src/Illuminate/Pipeline/Pipeline.php(128): Illuminate\Routing\Router->Illuminate\Routing\{closure}(Object(Illuminate\Http\Request))
#14 /var/www/fastuser/data/www/demo60.2games.pw/app/Http/Middleware/Checker.php(28): Illuminate\Pipeline\Pipeline->Illuminate\Pipeline\{closure}(Object(Illuminate\Http\Request))
#15 /var/www/fastuser/data/www/demo60.2games.pw/vendor/laravel/framework/src/Illuminate/Pipeline/Pipeline.php(167): VanguardLTE\Http\Middleware\Checker->handle(Object(Illuminate\Http\Request), Object(Closure))
#16 /var/www/fastuser/data/www/demo60.2games.pw/app/Http/Middleware/SiteIsClosed.php(20): Illuminate\Pipeline\Pipeline->Illuminate\Pipeline\{closure}(Object(Illuminate\Http\Request))
#17 /var/www/fastuser/data/www/demo60.2games.pw/vendor/laravel/framework/src/Illuminate/Pipeline/Pipeline.php(167): VanguardLTE\Http\Middleware\SiteIsClosed->handle(Object(Illuminate\Http\Request), Object(Closure))
#18 /var/www/fastuser/data/www/demo60.2games.pw/app/Http/Middleware/SelectLanguage.php(20): Illuminate\Pipeline\Pipeline->Illuminate\Pipeline\{closure}(Object(Illuminate\Http\Request))
#19 /var/www/fastuser/data/www/demo60.2games.pw/vendor/laravel/framework/src/Illuminate/Pipeline/Pipeline.php(167): VanguardLTE\Http\Middleware\SelectLanguage->handle(Object(Illuminate\Http\Request), Object(Closure))
#20 /var/www/fastuser/data/www/demo60.2games.pw/vendor/laravel/framework/src/Illuminate/Routing/Middleware/SubstituteBindings.php(50): Illuminate\Pipeline\Pipeline->Illuminate\Pipeline\{closure}(Object(Illuminate\Http\Request))
#21 /var/www/fastuser/data/www/demo60.2games.pw/vendor/laravel/framework/src/Illuminate/Pipeline/Pipeline.php(167): Illuminate\Routing\Middleware\SubstituteBindings->handle(Object(Illuminate\Http\Request), Object(Closure))
#22 /var/www/fastuser/data/www/demo60.2games.pw/vendor/laravel/framework/src/Illuminate/Foundation/Http/Middleware/VerifyCsrfToken.php(78): Illuminate\Pipeline\Pipeline->Illuminate\Pipeline\{closure}(Object(Illuminate\Http\Request))
#23 /var/www/fastuser/data/www/demo60.2games.pw/vendor/laravel/framework/src/Illuminate/Pipeline/Pipeline.php(167): Illuminate\Foundation\Http\Middleware\VerifyCsrfToken->handle(Object(Illuminate\Http\Request), Object(Closure))
#24 /var/www/fastuser/data/www/demo60.2games.pw/vendor/laravel/framework/src/Illuminate/View/Middleware/ShareErrorsFromSession.php(49): Illuminate\Pipeline\Pipeline->Illuminate\Pipeline\{closure}(Object(Illuminate\Http\Request))
#25 /var/www/fastuser/data/www/demo60.2games.pw/vendor/laravel/framework/src/Illuminate/Pipeline/Pipeline.php(167): Illuminate\View\Middleware\ShareErrorsFromSession->handle(Object(Illuminate\Http\Request), Object(Closure))
#26 /var/www/fastuser/data/www/demo60.2games.pw/vendor/laravel/framework/src/Illuminate/Session/Middleware/StartSession.php(121): Illuminate\Pipeline\Pipeline->Illuminate\Pipeline\{closure}(Object(Illuminate\Http\Request))
#27 /var/www/fastuser/data/www/demo60.2games.pw/vendor/laravel/framework/src/Illuminate/Session/Middleware/StartSession.php(64): Illuminate\Session\Middleware\StartSession->handleStatefulRequest(Object(Illuminate\Http\Request), Object(Illuminate\Session\Store), Object(Closure))
#28 /var/www/fastuser/data/www/demo60.2games.pw/vendor/laravel/framework/src/Illuminate/Pipeline/Pipeline.php(167): Illuminate\Session\Middleware\StartSession->handle(Object(Illuminate\Http\Request), Object(Closure))
#29 /var/www/fastuser/data/www/demo60.2games.pw/vendor/laravel/framework/src/Illuminate/Cookie/Middleware/AddQueuedCookiesToResponse.php(37): Illuminate\Pipeline\Pipeline->Illuminate\Pipeline\{closure}(Object(Illuminate\Http\Request))
#30 /var/www/fastuser/data/www/demo60.2games.pw/vendor/laravel/framework/src/Illuminate/Pipeline/Pipeline.php(167): Illuminate\Cookie\Middleware\AddQueuedCookiesToResponse->handle(Object(Illuminate\Http\Request), Object(Closure))
#31 /var/www/fastuser/data/www/demo60.2games.pw/vendor/laravel/framework/src/Illuminate/Cookie/Middleware/EncryptCookies.php(67): Illuminate\Pipeline\Pipeline->Illuminate\Pipeline\{closure}(Object(Illuminate\Http\Request))
#32 /var/www/fastuser/data/www/demo60.2games.pw/vendor/laravel/framework/src/Illuminate/Pipeline/Pipeline.php(167): Illuminate\Cookie\Middleware\EncryptCookies->handle(Object(Illuminate\Http\Request), Object(Closure))
#33 /var/www/fastuser/data/www/demo60.2games.pw/vendor/laravel/framework/src/Illuminate/Pipeline/Pipeline.php(103): Illuminate\Pipeline\Pipeline->Illuminate\Pipeline\{closure}(Object(Illuminate\Http\Request))
#34 /var/www/fastuser/data/www/demo60.2games.pw/vendor/laravel/framework/src/Illuminate/Routing/Router.php(697): Illuminate\Pipeline\Pipeline->then(Object(Closure))
#35 /var/www/fastuser/data/www/demo60.2games.pw/vendor/laravel/framework/src/Illuminate/Routing/Router.php(672): Illuminate\Routing\Router->runRouteWithinStack(Object(Illuminate\Routing\Route), Object(Illuminate\Http\Request))
#36 /var/www/fastuser/data/www/demo60.2games.pw/vendor/laravel/framework/src/Illuminate/Routing/Router.php(636): Illuminate\Routing\Router->runRoute(Object(Illuminate\Http\Request), Object(Illuminate\Routing\Route))
#37 /var/www/fastuser/data/www/demo60.2games.pw/vendor/laravel/framework/src/Illuminate/Routing/Router.php(625): Illuminate\Routing\Router->dispatchToRoute(Object(Illuminate\Http\Request))
#38 /var/www/fastuser/data/www/demo60.2games.pw/vendor/laravel/framework/src/Illuminate/Foundation/Http/Kernel.php(166): Illuminate\Routing\Router->dispatch(Object(Illuminate\Http\Request))
#39 /var/www/fastuser/data/www/demo60.2games.pw/vendor/laravel/framework/src/Illuminate/Pipeline/Pipeline.php(128): Illuminate\Foundation\Http\Kernel->Illuminate\Foundation\Http\{closure}(Object(Illuminate\Http\Request))
#40 /var/www/fastuser/data/www/demo60.2games.pw/vendor/proengsoft/laravel-jsvalidation/src/RemoteValidationMiddleware.php(61): Illuminate\Pipeline\Pipeline->Illuminate\Pipeline\{closure}(Object(Illuminate\Http\Request))
#41 /var/www/fastuser/data/www/demo60.2games.pw/vendor/laravel/framework/src/Illuminate/Pipeline/Pipeline.php(167): Proengsoft\JsValidation\RemoteValidationMiddleware->handle(Object(Illuminate\Http\Request), Object(Closure))
#42 /var/www/fastuser/data/www/demo60.2games.pw/vendor/barryvdh/laravel-debugbar/src/Middleware/InjectDebugbar.php(60): Illuminate\Pipeline\Pipeline->Illuminate\Pipeline\{closure}(Object(Illuminate\Http\Request))
#43 /var/www/fastuser/data/www/demo60.2games.pw/vendor/laravel/framework/src/Illuminate/Pipeline/Pipeline.php(167): Barryvdh\Debugbar\Middleware\InjectDebugbar->handle(Object(Illuminate\Http\Request), Object(Closure))
#44 /var/www/fastuser/data/www/demo60.2games.pw/vendor/fideloper/proxy/src/TrustProxies.php(57): Illuminate\Pipeline\Pipeline->Illuminate\Pipeline\{closure}(Object(Illuminate\Http\Request))
#45 /var/www/fastuser/data/www/demo60.2games.pw/vendor/laravel/framework/src/Illuminate/Pipeline/Pipeline.php(167): Fideloper\Proxy\TrustProxies->handle(Object(Illuminate\Http\Request), Object(Closure))
#46 /var/www/fastuser/data/www/demo60.2games.pw/vendor/laravel/framework/src/Illuminate/Foundation/Http/Middleware/TransformsRequest.php(21): Illuminate\Pipeline\Pipeline->Illuminate\Pipeline\{closure}(Object(Illuminate\Http\Request))
#47 /var/www/fastuser/data/www/demo60.2games.pw/vendor/laravel/framework/src/Illuminate/Foundation/Http/Middleware/ConvertEmptyStringsToNull.php(31): Illuminate\Foundation\Http\Middleware\TransformsRequest->handle(Object(Illuminate\Http\Request), Object(Closure))
#48 /var/www/fastuser/data/www/demo60.2games.pw/vendor/laravel/framework/src/Illuminate/Pipeline/Pipeline.php(167): Illuminate\Foundation\Http\Middleware\ConvertEmptyStringsToNull->handle(Object(Illuminate\Http\Request), Object(Closure))
#49 /var/www/fastuser/data/www/demo60.2games.pw/vendor/laravel/framework/src/Illuminate/Foundation/Http/Middleware/TransformsRequest.php(21): Illuminate\Pipeline\Pipeline->Illuminate\Pipeline\{closure}(Object(Illuminate\Http\Request))
#50 /var/www/fastuser/data/www/demo60.2games.pw/vendor/laravel/framework/src/Illuminate/Foundation/Http/Middleware/TrimStrings.php(40): Illuminate\Foundation\Http\Middleware\TransformsRequest->handle(Object(Illuminate\Http\Request), Object(Closure))
#51 /var/www/fastuser/data/www/demo60.2games.pw/vendor/laravel/framework/src/Illuminate/Pipeline/Pipeline.php(167): Illuminate\Foundation\Http\Middleware\TrimStrings->handle(Object(Illuminate\Http\Request), Object(Closure))
#52 /var/www/fastuser/data/www/demo60.2games.pw/vendor/laravel/framework/src/Illuminate/Foundation/Http/Middleware/PreventRequestsDuringMaintenance.php(86): Illuminate\Pipeline\Pipeline->Illuminate\Pipeline\{closure}(Object(Illuminate\Http\Request))
#53 /var/www/fastuser/data/www/demo60.2games.pw/vendor/laravel/framework/src/Illuminate/Pipeline/Pipeline.php(167): Illuminate\Foundation\Http\Middleware\PreventRequestsDuringMaintenance->handle(Object(Illuminate\Http\Request), Object(Closure))
#54 /var/www/fastuser/data/www/demo60.2games.pw/app/Http/Middleware/VerifyInstallation.php(16): Illuminate\Pipeline\Pipeline->Illuminate\Pipeline\{closure}(Object(Illuminate\Http\Request))
#55 /var/www/fastuser/data/www/demo60.2games.pw/vendor/laravel/framework/src/Illuminate/Pipeline/Pipeline.php(167): VanguardLTE\Http\Middleware\VerifyInstallation->handle(Object(Illuminate\Http\Request), Object(Closure))
#56 /var/www/fastuser/data/www/demo60.2games.pw/vendor/laravel/framework/src/Illuminate/Pipeline/Pipeline.php(103): Illuminate\Pipeline\Pipeline->Illuminate\Pipeline\{closure}(Object(Illuminate\Http\Request))
#57 /var/www/fastuser/data/www/demo60.2games.pw/vendor/laravel/framework/src/Illuminate/Foundation/Http/Kernel.php(141): Illuminate\Pipeline\Pipeline->then(Object(Closure))
#58 /var/www/fastuser/data/www/demo60.2games.pw/vendor/laravel/framework/src/Illuminate/Foundation/Http/Kernel.php(110): Illuminate\Foundation\Http\Kernel->sendRequestThroughRouter(Object(Illuminate\Http\Request))
#59 /var/www/fastuser/data/www/demo60.2games.pw/public/index.php(53): Illuminate\Foundation\Http\Kernel->handle(Object(Illuminate\Http\Request))
#60 {main}","serverResponse":"InternalError","request":{"sessionId":"741320","twk_uuid_5e219eeddaaca76c6fce835d":"{\"uuid\":\"1.F1GZc0rgdQ00oJzdTCdonFct1qyms77VzZuMCRf9O8m0fb2lo1PwtzsdMkmD8mfIyfUNEQnXan6ZBgbvvV3pleMOL8670e4X3uCRvSO6v0B11eT5yLYdicZFvregUAaU5RJzlUBvWkiD\",\"version\":3,\"domain\":\"2games.pw\",\"ts\":1653807276439}","language":"en","XSRF-TOKEN":"eyJpdiI6ImRVU3kzbHdBRVFpZ3FFUEduTDFxRWc9PSIsInZhbHVlIjoiVHZiY0psWkFNQ0RPVmR6UGozVUNWMWtPa0xucUNpT2E2Y25WMWI1TjhDK3kwcXU3czRyM2JwaHQrUnFKQXFFRjBHV3h3MlhqdEJqMWk2WEM5aUdoWWo5b3M2QUIzRE02eCs5TUtkcHBvZEx4OFNlQjl1Rm5PSitpK3RSRXB4VE8iLCJtYWMiOiI0M2Q5YzFkNGU0MzViNDUyMWM2MzQ5NzhlMDZmNzEwZjhiMTM2MWM4ZWYzZDY3YjhiYTkyOTgyODFlMzA5ZTVkIn0=","laravel_session":"eyJpdiI6IjhjZktIOEhUTjNXWUNDN2pDNkFWV3c9PSIsInZhbHVlIjoiajk3WDVDSTJRYlRTV2RGN043QVJUbXBuT1AwMmxvbFdVZWlZMGExcHdHOXhqZjVxSHVPUDZ4RTJYMFJkS2xYVHhQSkFmZkVrcExsNjkxeDg1THlRU0FJOGNTdVZQdzFKaVQyVlhFcUs5UnRNZjl0L3BjUXloelF5bzMxaVJpVkYiLCJtYWMiOiJiYzdjMzUzZDA0YWRmNmE0Zjc0MDk1MWQzNDgzYzkwYjAzYjU0ZTRmM2FkZDk1NjQwYzk0MzJlZGNiMTIzOTM0In0="},"requestRaw":{"bet":500,"numCoins":1,"lines":[1,1,1,1,1,1,1,1,1,1,1,1,1,1,1,1,1,1,1,1,1,1,1,1,1],"spinType":"regular","windowId":"6JD0Lf","ID":40021,"umid":22,"gameName":"GreatBluePT","cookie":"","sessionId":"741320"}}
 ############################################### 
